0 info it worked if it ends with ok
1 verbose cli [ 'node', '/usr/local/bin/npm', 'install', '-g', 'yo' ]
2 info using npm@2.7.4
3 info using node@v0.12.2
4 silly cache add args [ 'yo', null ]
5 verbose cache add spec yo
6 silly cache add parsed spec { raw: 'yo',
6 silly cache add   scope: null,
6 silly cache add   name: 'yo',
6 silly cache add   rawSpec: '',
6 silly cache add   spec: '*',
6 silly cache add   type: 'range' }
7 verbose addNamed yo@*
8 silly addNamed semver.valid null
9 silly addNamed semver.validRange *
10 silly addNameRange { name: 'yo', range: '*', hasData: false }
11 silly mapToRegistry name yo
12 silly mapToRegistry using default registry
13 silly mapToRegistry registry https://registry.npmjs.org/
14 silly mapToRegistry uri https://registry.npmjs.org/yo
15 verbose addNameRange registry:https://registry.npmjs.org/yo not in flight; fetching
16 verbose request uri https://registry.npmjs.org/yo
17 verbose request no auth needed
18 info attempt registry request try #1 at 10:03:13 PM
19 verbose request id 9047648d034268d2
20 verbose etag "9RV1LW5G5T5BDOGDBZ8SYZUO0"
21 http request GET https://registry.npmjs.org/yo
22 http 200 https://registry.npmjs.org/yo
23 silly get cb [ 200,
23 silly get   { server: 'CouchDB/1.5.0 (Erlang OTP/R16B03)',
23 silly get     etag: '"DRD3I1O3UJIAKEC0A7BAK5AGJ"',
23 silly get     'content-type': 'application/json',
23 silly get     'cache-control': 'max-age=60',
23 silly get     'content-length': '33833',
23 silly get     'accept-ranges': 'bytes',
23 silly get     date: 'Thu, 30 Jul 2015 03:03:13 GMT',
23 silly get     via: '1.1 varnish',
23 silly get     age: '27',
23 silly get     connection: 'keep-alive',
23 silly get     'x-served-by': 'cache-ord1733-ORD',
23 silly get     'x-cache': 'HIT',
23 silly get     'x-cache-hits': '1',
23 silly get     'x-timer': 'S1438225393.623053,VS0,VE0',
23 silly get     vary: 'Accept' } ]
24 verbose get saving yo to /Users/guillermo/.npm/registry.npmjs.org/yo/.cache.json
25 silly addNameRange number 2 { name: 'yo', range: '*', hasData: true }
26 silly addNameRange versions [ 'yo',
26 silly addNameRange   [ '1.1.0',
26 silly addNameRange     '1.1.1',
26 silly addNameRange     '1.1.2',
26 silly addNameRange     '1.2.0',
26 silly addNameRange     '1.2.1',
26 silly addNameRange     '1.3.0',
26 silly addNameRange     '1.3.2',
26 silly addNameRange     '1.3.3',
26 silly addNameRange     '1.4.1',
26 silly addNameRange     '1.4.2',
26 silly addNameRange     '1.4.4',
26 silly addNameRange     '1.4.5',
26 silly addNameRange     '1.4.6',
26 silly addNameRange     '1.4.7' ] ]
27 verbose addNamed yo@1.4.7
28 silly addNamed semver.valid 1.4.7
29 silly addNamed semver.validRange 1.4.7
30 silly cache afterAdd yo@1.4.7
31 verbose afterAdd /Users/guillermo/.npm/yo/1.4.7/package/package.json not in flight; writing
32 verbose afterAdd /Users/guillermo/.npm/yo/1.4.7/package/package.json written
33 silly install resolved [ { name: 'yo',
33 silly install resolved     version: '1.4.7',
33 silly install resolved     description: 'CLI tool for running Yeoman generators',
33 silly install resolved     license: 'BSD-2-Clause',
33 silly install resolved     bin: { yo: 'lib/cli.js' },
33 silly install resolved     author: { name: 'Yeoman' },
33 silly install resolved     repository: { type: 'git', url: 'git+https://github.com/yeoman/yo.git' },
33 silly install resolved     engines: { node: '>=0.10.0', npm: '>=2.8.0' },
33 silly install resolved     scripts:
33 silly install resolved      { test: 'jshint . && mocha test/**/*.js',
33 silly install resolved        postinstall: 'yodoctor',
33 silly install resolved        postupdate: 'yodoctor',
33 silly install resolved        prepublish: 'nsp audit-package' },
33 silly install resolved     files: [ 'lib' ],
33 silly install resolved     keywords:
33 silly install resolved      [ 'cli-app',
33 silly install resolved        'cli',
33 silly install resolved        'bin',
33 silly install resolved        'front-end',
33 silly install resolved        'development',
33 silly install resolved        'dev',
33 silly install resolved        'build',
33 silly install resolved        'web',
33 silly install resolved        'tool',
33 silly install resolved        'scaffold',
33 silly install resolved        'stack',
33 silly install resolved        'yeoman',
33 silly install resolved        'generator',
33 silly install resolved        'generate',
33 silly install resolved        'app',
33 silly install resolved        'boilerplate' ],
33 silly install resolved     dependencies:
33 silly install resolved      { 'array-uniq': '^1.0.2',
33 silly install resolved        async: '^1.0.0',
33 silly install resolved        chalk: '^1.0.0',
33 silly install resolved        configstore: '^1.0.0',
33 silly install resolved        'cross-spawn': '^0.4.0',
33 silly install resolved        figures: '^1.3.5',
33 silly install resolved        findup: '^0.1.5',
33 silly install resolved        fullname: '^1.0.0',
33 silly install resolved        got: '^3.2.0',
33 silly install resolved        'humanize-string': '^1.0.0',
33 silly install resolved        inquirer: '^0.8.0',
33 silly install resolved        insight: '^0.6.0',
33 silly install resolved        lodash: '^3.2.0',
33 silly install resolved        meow: '^3.0.0',
33 silly install resolved        'npm-keyword': '^1.1.1',
33 silly install resolved        opn: '^1.0.0',
33 silly install resolved        'package-json': '^1.1.0',
33 silly install resolved        repeating: '^1.1.2',
33 silly install resolved        'root-check': '^1.0.0',
33 silly install resolved        'sort-on': '^1.0.0',
33 silly install resolved        'string-length': '^1.0.0',
33 silly install resolved        titleize: '^1.0.0',
33 silly install resolved        'update-notifier': '^0.5.0',
33 silly install resolved        'user-home': '^1.1.0',
33 silly install resolved        'yeoman-character': '^1.0.0',
33 silly install resolved        'yeoman-doctor': '^1.0.0',
33 silly install resolved        'yeoman-environment': '^1.0.1',
33 silly install resolved        yosay: '^1.0.0' },
33 silly install resolved     devDependencies:
33 silly install resolved      { jshint: '^2.5.11',
33 silly install resolved        mocha: '^2.1.0',
33 silly install resolved        mockery: '^1.4.0',
33 silly install resolved        nock: '^2.0.1',
33 silly install resolved        nsp: '*',
33 silly install resolved        proxyquire: '^1.0.1',
33 silly install resolved        'registry-url': '^3.0.0',
33 silly install resolved        sinon: '^1.12.1' },
33 silly install resolved     preferGlobal: true,
33 silly install resolved     gitHead: '675d647162f1ecd7f290995078cf8ab42756bf9d',
33 silly install resolved     bugs: { url: 'https://github.com/yeoman/yo/issues' },
33 silly install resolved     homepage: 'https://github.com/yeoman/yo',
33 silly install resolved     _id: 'yo@1.4.7',
33 silly install resolved     _shasum: '7eecb354f6f4df2dafbc2da53d30f7f7fafcb450',
33 silly install resolved     _from: 'yo@*',
33 silly install resolved     _npmVersion: '2.10.1',
33 silly install resolved     _nodeVersion: '0.12.4',
33 silly install resolved     _npmUser: { name: 'sindresorhus', email: 'sindresorhus@gmail.com' },
33 silly install resolved     dist:
33 silly install resolved      { shasum: '7eecb354f6f4df2dafbc2da53d30f7f7fafcb450',
33 silly install resolved        tarball: 'http://registry.npmjs.org/yo/-/yo-1.4.7.tgz' },
33 silly install resolved     maintainers: [ [Object], [Object], [Object], [Object], [Object], [Object] ],
33 silly install resolved     directories: {},
33 silly install resolved     _resolved: 'https://registry.npmjs.org/yo/-/yo-1.4.7.tgz',
33 silly install resolved     readme: 'ERROR: No README data found!' } ]
34 info install yo@1.4.7 into /usr/local/lib
35 info installOne yo@1.4.7
36 verbose installOne of yo to /usr/local/lib not in flight; installing
37 verbose lock using /Users/guillermo/.npm/_locks/yo-c80abb7e04f27e35.lock for /usr/local/lib/node_modules/yo
38 warn engine yo@1.4.7: wanted: {"node":">=0.10.0","npm":">=2.8.0"} (current: {"node":"0.12.2","npm":"2.7.4"})
39 silly install write writing yo 1.4.7 to /usr/local/lib/node_modules/yo
40 silly cache addNamed cb yo@1.4.7
41 verbose unbuild lib/node_modules/yo
42 info preuninstall yo@1.4.7
43 info uninstall yo@1.4.7
44 verbose unbuild rmStuff yo@1.4.7 from /usr/local/lib/node_modules
45 silly gentlyRm /usr/local/bin/yo is being gently removed
46 silly gentlyRm verifying /usr/local is an npm working directory
47 silly gentlyRm containing path /usr/local is under npm's control, in /usr/local
48 silly gentlyRm deletion target /usr/local/bin/yo is under /usr/local
49 verbose gentlyRm vacuuming from /usr/local/bin/yo up to /usr/local
50 info postuninstall yo@1.4.7
51 silly gentlyRm /usr/local/lib/node_modules/yo is being purged from base /usr/local
52 verbose gentlyRm don't care about contents; nuking /usr/local/lib/node_modules/yo
53 silly vacuum-fs purging /usr/local/lib/node_modules/yo
54 verbose unlock done using /Users/guillermo/.npm/_locks/yo-c80abb7e04f27e35.lock for /usr/local/lib/node_modules/yo
55 verbose stack Error: EACCES, rmdir '/usr/local/lib/node_modules/yo'
55 verbose stack     at Error (native)
56 verbose cwd /Users/guillermo/TechTalentSouth/potluckV2/potluck
57 error Darwin 14.4.0
58 error argv "node" "/usr/local/bin/npm" "install" "-g" "yo"
59 error node v0.12.2
60 error npm  v2.7.4
61 error path /usr/local/lib/node_modules/yo
62 error code EACCES
63 error errno -13
64 error Error: EACCES, rmdir '/usr/local/lib/node_modules/yo'
64 error     at Error (native)
64 error  { [Error: EACCES, rmdir '/usr/local/lib/node_modules/yo']
64 error   errno: -13,
64 error   code: 'EACCES',
64 error   path: '/usr/local/lib/node_modules/yo' }
65 error Please try running this command again as root/Administrator.
66 verbose exit [ -13, true ]
67 verbose unbuild lib/node_modules/yo
68 info preuninstall yo@1.4.7
69 info uninstall yo@1.4.7
70 verbose unbuild rmStuff yo@1.4.7 from /usr/local/lib/node_modules
71 silly gentlyRm /usr/local/bin/yo is being gently removed
72 silly gentlyRm verifying /usr/local is an npm working directory
73 silly gentlyRm containing path /usr/local is under npm's control, in /usr/local
74 silly gentlyRm deletion target /usr/local/bin/yo is under /usr/local
75 verbose gentlyRm vacuuming from /usr/local/bin/yo up to /usr/local
76 info postuninstall yo@1.4.7
77 silly gentlyRm /usr/local/lib/node_modules/yo is being purged from base /usr/local
78 verbose gentlyRm don't care about contents; nuking /usr/local/lib/node_modules/yo
79 silly vacuum-fs purging /usr/local/lib/node_modules/yo
80 error error rolling back Error: EACCES, rmdir '/usr/local/lib/node_modules/yo'
80 error error rolling back     at Error (native)
80 error error rolling back  { [Error: EACCES, rmdir '/usr/local/lib/node_modules/yo']
80 error error rolling back   errno: -13,
80 error error rolling back   code: 'EACCES',
80 error error rolling back   path: '/usr/local/lib/node_modules/yo' }
